# JRE version: Java(TM) SE Runtime Environment (8.0_45-b14) (build 1.8.0_45-b14)
# Java VM: Java HotSpot(TM) 64-Bit Server VM (25.45-b02 mixed mode windows-amd64 compressed oops)
Heap:
 PSYoungGen      total 359936K, used 56334K [0x00000000e0b00000, 0x00000000f8680000, 0x0000000100000000)
  eden space 343552K, 12% used [0x00000000e0b00000,0x00000000e3382168,0x00000000f5a80000)
  from space 16384K, 90% used [0x00000000f7680000,0x00000000f85016c0,0x00000000f8680000)
  to   space 22528K, 0% used [0x00000000f5a80000,0x00000000f5a80000,0x00000000f7080000)
 ParOldGen       total 120832K, used 45410K [0x00000000a2000000, 0x00000000a9600000, 0x00000000e0b00000)
  object space 120832K, 37% used [0x00000000a2000000,0x00000000a4c58ae8,0x00000000a9600000)
 Metaspace       used 68482K, capacity 69516K, committed 69632K, reserved 1110016K
  class space    used 7915K, capacity 8143K, committed 8192K, reserved 1048576K
GC Heap History (10 events):
Event: 22.897 GC heap before
{Heap before GC invocations=13 (full 2):
 PSYoungGen      total 235008K, used 222208K [0x00000000e0b00000, 0x00000000f0480000, 0x0000000100000000)
  eden space 222208K, 100% used [0x00000000e0b00000,0x00000000ee400000,0x00000000ee400000)
  from space 12800K, 0% used [0x00000000ef180000,0x00000000ef180000,0x00000000efe00000)
  to   space 13824K, 0% used [0x00000000ee400000,0x00000000ee400000,0x00000000ef180000)
 ParOldGen       total 76800K, used 23024K [0x00000000a2000000, 0x00000000a6b00000, 0x00000000e0b00000)
  object space 76800K, 29% used [0x00000000a2000000,0x00000000a367c0b8,0x00000000a6b00000)
 Metaspace       used 48603K, capacity 49116K, committed 49536K, reserved 1093632K
  class space    used 6069K, capacity 6211K, committed 6272K, reserved 1048576K
Event: 22.965 GC heap after
Heap after GC invocations=13 (full 2):
 PSYoungGen      total 236032K, used 13812K [0x00000000e0b00000, 0x00000000f4400000, 0x0000000100000000)
  eden space 222208K, 0% used [0x00000000e0b00000,0x00000000e0b00000,0x00000000ee400000)
  from space 13824K, 99% used [0x00000000ee400000,0x00000000ef17d1f8,0x00000000ef180000)
  to   space 18432K, 0% used [0x00000000f3200000,0x00000000f3200000,0x00000000f4400000)
 ParOldGen       total 76800K, used 31133K [0x00000000a2000000, 0x00000000a6b00000, 0x00000000e0b00000)
  object space 76800K, 40% used [0x00000000a2000000,0x00000000a3e676a8,0x00000000a6b00000)
 Metaspace       used 48603K, capacity 49116K, committed 49536K, reserved 1093632K
  class space    used 6069K, capacity 6211K, committed 6272K, reserved 1048576K
}
Event: 28.176 GC heap before
{Heap before GC invocations=14 (full 2):
 PSYoungGen      total 236032K, used 236020K [0x00000000e0b00000, 0x00000000f4400000, 0x0000000100000000)
  eden space 222208K, 100% used [0x00000000e0b00000,0x00000000ee400000,0x00000000ee400000)
  from space 13824K, 99% used [0x00000000ee400000,0x00000000ef17d1f8,0x00000000ef180000)
  to   space 18432K, 0% used [0x00000000f3200000,0x00000000f3200000,0x00000000f4400000)
 ParOldGen       total 76800K, used 31133K [0x00000000a2000000, 0x00000000a6b00000, 0x00000000e0b00000)
  object space 76800K, 40% used [0x00000000a2000000,0x00000000a3e676a8,0x00000000a6b00000)
 Metaspace       used 54913K, capacity 55724K, committed 55808K, reserved 1097728K
  class space    used 6703K, capacity 6859K, committed 6912K, reserved 1048576K
Event: 28.276 GC heap after
Heap after GC invocations=14 (full 2):
 PSYoungGen      total 300544K, used 14598K [0x00000000e0b00000, 0x00000000f4780000, 0x0000000100000000)
  eden space 282112K, 0% used [0x00000000e0b00000,0x00000000e0b00000,0x00000000f1e80000)
  from space 18432K, 79% used [0x00000000f3200000,0x00000000f4041b08,0x00000000f4400000)
  to   space 19968K, 0% used [0x00000000f1e80000,0x00000000f1e80000,0x00000000f3200000)
 ParOldGen       total 76800K, used 43469K [0x00000000a2000000, 0x00000000a6b00000, 0x00000000e0b00000)
  object space 76800K, 56% used [0x00000000a2000000,0x00000000a4a73738,0x00000000a6b00000)
 Metaspace       used 54913K, capacity 55724K, committed 55808K, reserved 1097728K
  class space    used 6703K, capacity 6859K, committed 6912K, reserved 1048576K
}
Event: 47.469 GC heap before
{Heap before GC invocations=15 (full 2):
 PSYoungGen      total 300544K, used 132829K [0x00000000e0b00000, 0x00000000f4780000, 0x0000000100000000)
  eden space 282112K, 41% used [0x00000000e0b00000,0x00000000e7e75aa0,0x00000000f1e80000)
  from space 18432K, 79% used [0x00000000f3200000,0x00000000f4041b08,0x00000000f4400000)
  to   space 19968K, 0% used [0x00000000f1e80000,0x00000000f1e80000,0x00000000f3200000)
 ParOldGen       total 76800K, used 43469K [0x00000000a2000000, 0x00000000a6b00000, 0x00000000e0b00000)
  object space 76800K, 56% used [0x00000000a2000000,0x00000000a4a73738,0x00000000a6b00000)
 Metaspace       used 58281K, capacity 59022K, committed 59096K, reserved 1101824K
  class space    used 7095K, capacity 7250K, committed 7296K, reserved 1048576K
Event: 47.506 GC heap after
Heap after GC invocations=15 (full 2):
 PSYoungGen      total 302080K, used 17069K [0x00000000e0b00000, 0x00000000f8c00000, 0x0000000100000000)
  eden space 282112K, 0% used [0x00000000e0b00000,0x00000000e0b00000,0x00000000f1e80000)
  from space 19968K, 85% used [0x00000000f1e80000,0x00000000f2f2b4a0,0x00000000f3200000)
  to   space 22016K, 0% used [0x00000000f7680000,0x00000000f7680000,0x00000000f8c00000)
 ParOldGen       total 76800K, used 43477K [0x00000000a2000000, 0x00000000a6b00000, 0x00000000e0b00000)
  object space 76800K, 56% used [0x00000000a2000000,0x00000000a4a75738,0x00000000a6b00000)
 Metaspace       used 58281K, capacity 59022K, committed 59096K, reserved 1101824K
  class space    used 7095K, capacity 7250K, committed 7296K, reserved 1048576K
}
Event: 47.507 GC heap before
{Heap before GC invocations=16 (full 3):
 PSYoungGen      total 302080K, used 17069K [0x00000000e0b00000, 0x00000000f8c00000, 0x0000000100000000)
  eden space 282112K, 0% used [0x00000000e0b00000,0x00000000e0b00000,0x00000000f1e80000)
  from space 19968K, 85% used [0x00000000f1e80000,0x00000000f2f2b4a0,0x00000000f3200000)
  to   space 22016K, 0% used [0x00000000f7680000,0x00000000f7680000,0x00000000f8c00000)
 ParOldGen       total 76800K, used 43477K [0x00000000a2000000, 0x00000000a6b00000, 0x00000000e0b00000)
  object space 76800K, 56% used [0x00000000a2000000,0x00000000a4a75738,0x00000000a6b00000)
 Metaspace       used 58281K, capacity 59022K, committed 59096K, reserved 1101824K
  class space    used 7095K, capacity 7250K, committed 7296K, reserved 1048576K
Event: 47.966 GC heap after
Heap after GC invocations=16 (full 3):
 PSYoungGen      total 302080K, used 0K [0x00000000e0b00000, 0x00000000f8c00000, 0x0000000100000000)
  eden space 282112K, 0% used [0x00000000e0b00000,0x00000000e0b00000,0x00000000f1e80000)
  from space 19968K, 0% used [0x00000000f1e80000,0x00000000f1e80000,0x00000000f3200000)
  to   space 22016K, 0% used [0x00000000f7680000,0x00000000f7680000,0x00000000f8c00000)
 ParOldGen       total 120832K, used 45402K [0x00000000a2000000, 0x00000000a9600000, 0x00000000e0b00000)
  object space 120832K, 37% used [0x00000000a2000000,0x00000000a4c56ae8,0x00000000a9600000)
 Metaspace       used 58179K, capacity 58860K, committed 59096K, reserved 1101824K
  class space    used 7080K, capacity 7223K, committed 7296K, reserved 1048576K
}
Event: 163.134 GC heap before
{Heap before GC invocations=17 (full 3):
 PSYoungGen      total 302080K, used 282112K [0x00000000e0b00000, 0x00000000f8c00000, 0x0000000100000000)
  eden space 282112K, 100% used [0x00000000e0b00000,0x00000000f1e80000,0x00000000f1e80000)
  from space 19968K, 0% used [0x00000000f1e80000,0x00000000f1e80000,0x00000000f3200000)
  to   space 22016K, 0% used [0x00000000f7680000,0x00000000f7680000,0x00000000f8c00000)
 ParOldGen       total 120832K, used 45402K [0x00000000a2000000, 0x00000000a9600000, 0x00000000e0b00000)
  object space 120832K, 37% used [0x00000000a2000000,0x00000000a4c56ae8,0x00000000a9600000)
 Metaspace       used 68458K, capacity 69452K, committed 69632K, reserved 1110016K
  class space    used 7914K, capacity 8143K, committed 8192K, reserved 1048576K
Event: 163.168 GC heap after
Heap after GC invocations=17 (full 3):
 PSYoungGen      total 359936K, used 14853K [0x00000000e0b00000, 0x00000000f8680000, 0x0000000100000000)
  eden space 343552K, 0% used [0x00000000e0b00000,0x00000000e0b00000,0x00000000f5a80000)
  from space 16384K, 90% used [0x00000000f7680000,0x00000000f85016c0,0x00000000f8680000)
  to   space 22528K, 0% used [0x00000000f5a80000,0x00000000f5a80000,0x00000000f7080000)
 ParOldGen       total 120832K, used 45410K [0x00000000a2000000, 0x00000000a9600000, 0x00000000e0b00000)
  object space 120832K, 37% used [0x00000000a2000000,0x00000000a4c58ae8,0x00000000a9600000)
 Metaspace       used 68458K, capacity 69452K, committed 69632K, reserved 1110016K
  class space    used 7914K, capacity 8143K, committed 8192K, reserved 1048576K
}

